[2022-05-25 07:34:08] local.ERROR: syntax error, unexpected token "<", expecting ")" {"exception":"[object] (ParseError(code: 0): syntax error, unexpected token \"<\", expecting \")\" at F:\\Aerothon\\backends\\laravel\\laravelBackend\outes\\api.php:21)
[stacktrace]
#0 F:\\Aerothon\\backends\\laravel\\laravelBackend\\vendor\\laravel\\framework\\src\\Illuminate\\Routing\\Router.php(430): Illuminate\\Routing\\RouteFileRegistrar->register('F:\\\\Aerothon\\\\bac...')
#1 F:\\Aerothon\\backends\\laravel\\laravelBackend\\vendor\\laravel\\framework\\src\\Illuminate\\Routing\\Router.php(386): Illuminate\\Routing\\Router->loadRoutes('F:\\\\Aerothon\\\\bac...')
#2 F:\\Aerothon\\backends\\laravel\\laravelBackend\\vendor\\laravel\\framework\\src\\Illuminate\\Routing\\RouteRegistrar.php(163): Illuminate\\Routing\\Router->group(Array, 'F:\\\\Aerothon\\\\bac...')
#3 F:\\Aerothon\\backends\\laravel\\laravelBackend\\app\\Providers\\RouteServiceProvider.php(34): Illuminate\\Routing\\RouteRegistrar->group('F:\\\\Aerothon\\\\bac...')
#4 F:\\Aerothon\\backends\\laravel\\laravelBackend\\vendor\\laravel\\framework\\src\\Illuminate\\Container\\BoundMethod.php(36): App\\Providers\\RouteServiceProvider->App\\Providers\\{closure}()
#5 F:\\Aerothon\\backends\\laravel\\laravelBackend\\vendor\\laravel\\framework\\src\\Illuminate\\Container\\Util.php(41): Illuminate\\Container\\BoundMethod::Illuminate\\Container\\{closure}()
#6 F:\\Aerothon\\backends\\laravel\\laravelBackend\\vendor\\laravel\\framework\\src\\Illuminate\\Container\\BoundMethod.php(81): Illuminate\\Container\\Util::unwrapIfClosure(Object(Closure))
#7 F:\\Aerothon\\backends\\laravel\\laravelBackend\\vendor\\laravel\\framework\\src\\Illuminate\\Container\\BoundMethod.php(37): Illuminate\\Container\\BoundMethod::callBoundMethod(Object(Illuminate\\Foundation\\Application), Object(Closure), Object(Closure))
#8 F:\\Aerothon\\backends\\laravel\\laravelBackend\\vendor\\laravel\\framework\\src\\Illuminate\\Container\\Container.php(651): Illuminate\\Container\\BoundMethod::call(Object(Illuminate\\Foundation\\Application), Object(Closure), Array, NULL)
#9 F:\\Aerothon\\backends\\laravel\\laravelBackend\\vendor\\laravel\\framework\\src\\Illuminate\\Foundation\\Support\\Providers\\RouteServiceProvider.php(120): Illuminate\\Container\\Container->call(Object(Closure))
#10 F:\\Aerothon\\backends\\laravel\\laravelBackend\\vendor\\laravel\\framework\\src\\Illuminate\\Foundation\\Support\\Providers\\RouteServiceProvider.php(45): Illuminate\\Foundation\\Support\\Providers\\RouteServiceProvider->loadRoutes()
#11 F:\\Aerothon\\backends\\laravel\\laravelBackend\\vendor\\laravel\\framework\\src\\Illuminate\\Container\\BoundMethod.php(36): Illuminate\\Foundation\\Support\\Providers\\RouteServiceProvider->Illuminate\\Foundation\\Support\\Providers\\{closure}()
#12 F:\\Aerothon\\backends\\laravel\\laravelBackend\\vendor\\laravel\\framework\\src\\Illuminate\\Container\\Util.php(41): Illuminate\\Container\\BoundMethod::Illuminate\\Container\\{closure}()
#13 F:\\Aerothon\\backends\\laravel\\laravelBackend\\vendor\\laravel\\framework\\src\\Illuminate\\Container\\BoundMethod.php(81): Illuminate\\Container\\Util::unwrapIfClosure(Object(Closure))
#14 F:\\Aerothon\\backends\\laravel\\laravelBackend\\vendor\\laravel\\framework\\src\\Illuminate\\Container\\BoundMethod.php(37): Illuminate\\Container\\BoundMethod::callBoundMethod(Object(Illuminate\\Foundation\\Application), Object(Closure), Object(Closure))
#15 F:\\Aerothon\\backends\\laravel\\laravelBackend\\vendor\\laravel\\framework\\src\\Illuminate\\Container\\Container.php(651): Illuminate\\Container\\BoundMethod::call(Object(Illuminate\\Foundation\\Application), Object(Closure), Array, NULL)
#16 F:\\Aerothon\\backends\\laravel\\laravelBackend\\vendor\\laravel\\framework\\src\\Illuminate\\Support\\ServiceProvider.php(119): Illuminate\\Container\\Container->call(Object(Closure))
#17 F:\\Aerothon\\backends\\laravel\\laravelBackend\\vendor\\laravel\\framework\\src\\Illuminate\\Foundation\\Application.php(931): Illuminate\\Support\\ServiceProvider->callBootedCallbacks()
#18 F:\\Aerothon\\backends\\laravel\\laravelBackend\\vendor\\laravel\\framework\\src\\Illuminate\\Foundation\\Application.php(909): Illuminate\\Foundation\\Application->bootProvider(Object(App\\Providers\\RouteServiceProvider))
#19 [internal function]: Illuminate\\Foundation\\Application->Illuminate\\Foundation\\{closure}(Object(App\\Providers\\RouteServiceProvider), 22)
#20 F:\\Aerothon\\backends\\laravel\\laravelBackend\\vendor\\laravel\\framework\\src\\Illuminate\\Foundation\\Application.php(910): array_walk(Array, Object(Closure))
#21 F:\\Aerothon\\backends\\laravel\\laravelBackend\\vendor\\laravel\\framework\\src\\Illuminate\\Foundation\\Bootstrap\\BootProviders.php(17): Illuminate\\Foundation\\Application->boot()
#22 F:\\Aerothon\\backends\\laravel\\laravelBackend\\vendor\\laravel\\framework\\src\\Illuminate\\Foundation\\Application.php(239): Illuminate\\Foundation\\Bootstrap\\BootProviders->bootstrap(Object(Illuminate\\Foundation\\Application))
#23 F:\\Aerothon\\backends\\laravel\\laravelBackend\\vendor\\laravel\\framework\\src\\Illuminate\\Foundation\\Console\\Kernel.php(310): Illuminate\\Foundation\\Application->bootstrapWith(Array)
#24 F:\\Aerothon\\backends\\laravel\\laravelBackend\\vendor\\laravel\\framework\\src\\Illuminate\\Foundation\\Console\\Kernel.php(127): Illuminate\\Foundation\\Console\\Kernel->bootstrap()
#25 F:\\Aerothon\\backends\\laravel\\laravelBackend\\artisan(37): Illuminate\\Foundation\\Console\\Kernel->handle(Object(Symfony\\Component\\Console\\Input\\ArgvInput), Object(Symfony\\Component\\Console\\Output\\ConsoleOutput))
#26 {main}
"} 
[2022-05-25 07:34:47] local.ERROR: Invalid route action: [Aditya]. {"exception":"[object] (UnexpectedValueException(code: 0): Invalid route action: [Aditya]. at F:\\Aerothon\\backends\\laravel\\laravelBackend\\vendor\\laravel\\framework\\src\\Illuminate\\Routing\\RouteAction.php:92)
[stacktrace]
#0 F:\\Aerothon\\backends\\laravel\\laravelBackend\\vendor\\laravel\\framework\\src\\Illuminate\\Routing\\RouteAction.php(47): Illuminate\\Routing\\RouteAction::makeInvokable('Aditya')
#1 F:\\Aerothon\\backends\\laravel\\laravelBackend\\vendor\\laravel\\framework\\src\\Illuminate\\Routing\\Route.php(190): Illuminate\\Routing\\RouteAction::parse('api', Array)
#2 F:\\Aerothon\\backends\\laravel\\laravelBackend\\vendor\\laravel\\framework\\src\\Illuminate\\Routing\\Route.php(171): Illuminate\\Routing\\Route->parseAction(Array)
#3 F:\\Aerothon\\backends\\laravel\\laravelBackend\\vendor\\laravel\\framework\\src\\Illuminate\\Routing\\Router.php(588): Illuminate\\Routing\\Route->__construct(Array, 'api', Array)
#4 F:\\Aerothon\\backends\\laravel\\laravelBackend\\vendor\\laravel\\framework\\src\\Illuminate\\Routing\\Router.php(481): Illuminate\\Routing\\Router->newRoute(Array, 'api', Array)
#5 F:\\Aerothon\\backends\\laravel\\laravelBackend\\vendor\\laravel\\framework\\src\\Illuminate\\Routing\\Router.php(460): Illuminate\\Routing\\Router->createRoute(Array, '/', Array)
#6 F:\\Aerothon\\backends\\laravel\\laravelBackend\\vendor\\laravel\\framework\\src\\Illuminate\\Routing\\Router.php(150): Illuminate\\Routing\\Router->addRoute(Array, '/', 'Aditya')
#7 F:\\Aerothon\\backends\\laravel\\laravelBackend\\vendor\\laravel\\framework\\src\\Illuminate\\Support\\Facades\\Facade.php(337): Illuminate\\Routing\\Router->get('/', 'Aditya')
#8 F:\\Aerothon\\backends\\laravel\\laravelBackend\outes\\api.php(21): Illuminate\\Support\\Facades\\Facade::__callStatic('get', Array)
#9 F:\\Aerothon\\backends\\laravel\\laravelBackend\\vendor\\laravel\\framework\\src\\Illuminate\\Routing\\RouteFileRegistrar.php(35): require('F:\\\\Aerothon\\\\bac...')
#10 F:\\Aerothon\\backends\\laravel\\laravelBackend\\vendor\\laravel\\framework\\src\\Illuminate\\Routing\\Router.php(430): Illuminate\\Routing\\RouteFileRegistrar->register('F:\\\\Aerothon\\\\bac...')
#11 F:\\Aerothon\\backends\\laravel\\laravelBackend\\vendor\\laravel\\framework\\src\\Illuminate\\Routing\\Router.php(386): Illuminate\\Routing\\Router->loadRoutes('F:\\\\Aerothon\\\\bac...')
#12 F:\\Aerothon\\backends\\laravel\\laravelBackend\\vendor\\laravel\\framework\\src\\Illuminate\\Routing\\RouteRegistrar.php(163): Illuminate\\Routing\\Router->group(Array, 'F:\\\\Aerothon\\\\bac...')
#13 F:\\Aerothon\\backends\\laravel\\laravelBackend\\app\\Providers\\RouteServiceProvider.php(34): Illuminate\\Routing\\RouteRegistrar->group('F:\\\\Aerothon\\\\bac...')
#14 F:\\Aerothon\\backends\\laravel\\laravelBackend\\vendor\\laravel\\framework\\src\\Illuminate\\Container\\BoundMethod.php(36): App\\Providers\\RouteServiceProvider->App\\Providers\\{closure}()
#15 F:\\Aerothon\\backends\\laravel\\laravelBackend\\vendor\\laravel\\framework\\src\\Illuminate\\Container\\Util.php(41): Illuminate\\Container\\BoundMethod::Illuminate\\Container\\{closure}()
#16 F:\\Aerothon\\backends\\laravel\\laravelBackend\\vendor\\laravel\\framework\\src\\Illuminate\\Container\\BoundMethod.php(81): Illuminate\\Container\\Util::unwrapIfClosure(Object(Closure))
#17 F:\\Aerothon\\backends\\laravel\\laravelBackend\\vendor\\laravel\\framework\\src\\Illuminate\\Container\\BoundMethod.php(37): Illuminate\\Container\\BoundMethod::callBoundMethod(Object(Illuminate\\Foundation\\Application), Object(Closure), Object(Closure))
#18 F:\\Aerothon\\backends\\laravel\\laravelBackend\\vendor\\laravel\\framework\\src\\Illuminate\\Container\\Container.php(651): Illuminate\\Container\\BoundMethod::call(Object(Illuminate\\Foundation\\Application), Object(Closure), Array, NULL)
#19 F:\\Aerothon\\backends\\laravel\\laravelBackend\\vendor\\laravel\\framework\\src\\Illuminate\\Foundation\\Support\\Providers\\RouteServiceProvider.php(120): Illuminate\\Container\\Container->call(Object(Closure))
#20 F:\\Aerothon\\backends\\laravel\\laravelBackend\\vendor\\laravel\\framework\\src\\Illuminate\\Foundation\\Support\\Providers\\RouteServiceProvider.php(45): Illuminate\\Foundation\\Support\\Providers\\RouteServiceProvider->loadRoutes()
#21 F:\\Aerothon\\backends\\laravel\\laravelBackend\\vendor\\laravel\\framework\\src\\Illuminate\\Container\\BoundMethod.php(36): Illuminate\\Foundation\\Support\\Providers\\RouteServiceProvider->Illuminate\\Foundation\\Support\\Providers\\{closure}()
#22 F:\\Aerothon\\backends\\laravel\\laravelBackend\\vendor\\laravel\\framework\\src\\Illuminate\\Container\\Util.php(41): Illuminate\\Container\\BoundMethod::Illuminate\\Container\\{closure}()
#23 F:\\Aerothon\\backends\\laravel\\laravelBackend\\vendor\\laravel\\framework\\src\\Illuminate\\Container\\BoundMethod.php(81): Illuminate\\Container\\Util::unwrapIfClosure(Object(Closure))
#24 F:\\Aerothon\\backends\\laravel\\laravelBackend\\vendor\\laravel\\framework\\src\\Illuminate\\Container\\BoundMethod.php(37): Illuminate\\Container\\BoundMethod::callBoundMethod(Object(Illuminate\\Foundation\\Application), Object(Closure), Object(Closure))
#25 F:\\Aerothon\\backends\\laravel\\laravelBackend\\vendor\\laravel\\framework\\src\\Illuminate\\Container\\Container.php(651): Illuminate\\Container\\BoundMethod::call(Object(Illuminate\\Foundation\\Application), Object(Closure), Array, NULL)
#26 F:\\Aerothon\\backends\\laravel\\laravelBackend\\vendor\\laravel\\framework\\src\\Illuminate\\Support\\ServiceProvider.php(119): Illuminate\\Container\\Container->call(Object(Closure))
#27 F:\\Aerothon\\backends\\laravel\\laravelBackend\\vendor\\laravel\\framework\\src\\Illuminate\\Foundation\\Application.php(931): Illuminate\\Support\\ServiceProvider->callBootedCallbacks()
#28 F:\\Aerothon\\backends\\laravel\\laravelBackend\\vendor\\laravel\\framework\\src\\Illuminate\\Foundation\\Application.php(909): Illuminate\\Foundation\\Application->bootProvider(Object(App\\Providers\\RouteServiceProvider))
#29 [internal function]: Illuminate\\Foundation\\Application->Illuminate\\Foundation\\{closure}(Object(App\\Providers\\RouteServiceProvider), 22)
#30 F:\\Aerothon\\backends\\laravel\\laravelBackend\\vendor\\laravel\\framework\\src\\Illuminate\\Foundation\\Application.php(910): array_walk(Array, Object(Closure))
#31 F:\\Aerothon\\backends\\laravel\\laravelBackend\\vendor\\laravel\\framework\\src\\Illuminate\\Foundation\\Bootstrap\\BootProviders.php(17): Illuminate\\Foundation\\Application->boot()
#32 F:\\Aerothon\\backends\\laravel\\laravelBackend\\vendor\\laravel\\framework\\src\\Illuminate\\Foundation\\Application.php(239): Illuminate\\Foundation\\Bootstrap\\BootProviders->bootstrap(Object(Illuminate\\Foundation\\Application))
#33 F:\\Aerothon\\backends\\laravel\\laravelBackend\\vendor\\laravel\\framework\\src\\Illuminate\\Foundation\\Console\\Kernel.php(310): Illuminate\\Foundation\\Application->bootstrapWith(Array)
#34 F:\\Aerothon\\backends\\laravel\\laravelBackend\\vendor\\laravel\\framework\\src\\Illuminate\\Foundation\\Console\\Kernel.php(127): Illuminate\\Foundation\\Console\\Kernel->bootstrap()
#35 F:\\Aerothon\\backends\\laravel\\laravelBackend\\artisan(37): Illuminate\\Foundation\\Console\\Kernel->handle(Object(Symfony\\Component\\Console\\Input\\ArgvInput), Object(Symfony\\Component\\Console\\Output\\ConsoleOutput))
#36 {main}
"} 
[2022-05-25 14:23:45] local.ERROR: Invalid route action: [Aditya]. {"exception":"[object] (UnexpectedValueException(code: 0): Invalid route action: [Aditya]. at F:\\Aerothon\\backends\\laravel\\laravelBackend\\vendor\\laravel\\framework\\src\\Illuminate\\Routing\\RouteAction.php:92)
[stacktrace]
#0 F:\\Aerothon\\backends\\laravel\\laravelBackend\\vendor\\laravel\\framework\\src\\Illuminate\\Routing\\RouteAction.php(47): Illuminate\\Routing\\RouteAction::makeInvokable('Aditya')
#1 F:\\Aerothon\\backends\\laravel\\laravelBackend\\vendor\\laravel\\framework\\src\\Illuminate\\Routing\\Route.php(190): Illuminate\\Routing\\RouteAction::parse('api', Array)
#2 F:\\Aerothon\\backends\\laravel\\laravelBackend\\vendor\\laravel\\framework\\src\\Illuminate\\Routing\\Route.php(171): Illuminate\\Routing\\Route->parseAction(Array)
#3 F:\\Aerothon\\backends\\laravel\\laravelBackend\\vendor\\laravel\\framework\\src\\Illuminate\\Routing\\Router.php(588): Illuminate\\Routing\\Route->__construct(Array, 'api', Array)
#4 F:\\Aerothon\\backends\\laravel\\laravelBackend\\vendor\\laravel\\framework\\src\\Illuminate\\Routing\\Router.php(481): Illuminate\\Routing\\Router->newRoute(Array, 'api', Array)
#5 F:\\Aerothon\\backends\\laravel\\laravelBackend\\vendor\\laravel\\framework\\src\\Illuminate\\Routing\\Router.php(460): Illuminate\\Routing\\Router->createRoute(Array, '/', Array)
#6 F:\\Aerothon\\backends\\laravel\\laravelBackend\\vendor\\laravel\\framework\\src\\Illuminate\\Routing\\Router.php(150): Illuminate\\Routing\\Router->addRoute(Array, '/', 'Aditya')
#7 F:\\Aerothon\\backends\\laravel\\laravelBackend\\vendor\\laravel\\framework\\src\\Illuminate\\Support\\Facades\\Facade.php(337): Illuminate\\Routing\\Router->get('/', 'Aditya')
#8 F:\\Aerothon\\backends\\laravel\\laravelBackend\outes\\api.php(21): Illuminate\\Support\\Facades\\Facade::__callStatic('get', Array)
#9 F:\\Aerothon\\backends\\laravel\\laravelBackend\\vendor\\laravel\\framework\\src\\Illuminate\\Routing\\RouteFileRegistrar.php(35): require('F:\\\\Aerothon\\\\bac...')
#10 F:\\Aerothon\\backends\\laravel\\laravelBackend\\vendor\\laravel\\framework\\src\\Illuminate\\Routing\\Router.php(430): Illuminate\\Routing\\RouteFileRegistrar->register('F:\\\\Aerothon\\\\bac...')
#11 F:\\Aerothon\\backends\\laravel\\laravelBackend\\vendor\\laravel\\framework\\src\\Illuminate\\Routing\\Router.php(386): Illuminate\\Routing\\Router->loadRoutes('F:\\\\Aerothon\\\\bac...')
#12 F:\\Aerothon\\backends\\laravel\\laravelBackend\\vendor\\laravel\\framework\\src\\Illuminate\\Routing\\RouteRegistrar.php(163): Illuminate\\Routing\\Router->group(Array, 'F:\\\\Aerothon\\\\bac...')
#13 F:\\Aerothon\\backends\\laravel\\laravelBackend\\app\\Providers\\RouteServiceProvider.php(34): Illuminate\\Routing\\RouteRegistrar->group('F:\\\\Aerothon\\\\bac...')
#14 F:\\Aerothon\\backends\\laravel\\laravelBackend\\vendor\\laravel\\framework\\src\\Illuminate\\Container\\BoundMethod.php(36): App\\Providers\\RouteServiceProvider->App\\Providers\\{closure}()
#15 F:\\Aerothon\\backends\\laravel\\laravelBackend\\vendor\\laravel\\framework\\src\\Illuminate\\Container\\Util.php(41): Illuminate\\Container\\BoundMethod::Illuminate\\Container\\{closure}()
#16 F:\\Aerothon\\backends\\laravel\\laravelBackend\\vendor\\laravel\\framework\\src\\Illuminate\\Container\\BoundMethod.php(81): Illuminate\\Container\\Util::unwrapIfClosure(Object(Closure))
#17 F:\\Aerothon\\backends\\laravel\\laravelBackend\\vendor\\laravel\\framework\\src\\Illuminate\\Container\\BoundMethod.php(37): Illuminate\\Container\\BoundMethod::callBoundMethod(Object(Illuminate\\Foundation\\Application), Object(Closure), Object(Closure))
#18 F:\\Aerothon\\backends\\laravel\\laravelBackend\\vendor\\laravel\\framework\\src\\Illuminate\\Container\\Container.php(651): Illuminate\\Container\\BoundMethod::call(Object(Illuminate\\Foundation\\Application), Object(Closure), Array, NULL)
#19 F:\\Aerothon\\backends\\laravel\\laravelBackend\\vendor\\laravel\\framework\\src\\Illuminate\\Foundation\\Support\\Providers\\RouteServiceProvider.php(120): Illuminate\\Container\\Container->call(Object(Closure))
#20 F:\\Aerothon\\backends\\laravel\\laravelBackend\\vendor\\laravel\\framework\\src\\Illuminate\\Foundation\\Support\\Providers\\RouteServiceProvider.php(45): Illuminate\\Foundation\\Support\\Providers\\RouteServiceProvider->loadRoutes()
#21 F:\\Aerothon\\backends\\laravel\\laravelBackend\\vendor\\laravel\\framework\\src\\Illuminate\\Container\\BoundMethod.php(36): Illuminate\\Foundation\\Support\\Providers\\RouteServiceProvider->Illuminate\\Foundation\\Support\\Providers\\{closure}()
#22 F:\\Aerothon\\backends\\laravel\\laravelBackend\\vendor\\laravel\\framework\\src\\Illuminate\\Container\\Util.php(41): Illuminate\\Container\\BoundMethod::Illuminate\\Container\\{closure}()
#23 F:\\Aerothon\\backends\\laravel\\laravelBackend\\vendor\\laravel\\framework\\src\\Illuminate\\Container\\BoundMethod.php(81): Illuminate\\Container\\Util::unwrapIfClosure(Object(Closure))
#24 F:\\Aerothon\\backends\\laravel\\laravelBackend\\vendor\\laravel\\framework\\src\\Illuminate\\Container\\BoundMethod.php(37): Illuminate\\Container\\BoundMethod::callBoundMethod(Object(Illuminate\\Foundation\\Application), Object(Closure), Object(Closure))
#25 F:\\Aerothon\\backends\\laravel\\laravelBackend\\vendor\\laravel\\framework\\src\\Illuminate\\Container\\Container.php(651): Illuminate\\Container\\BoundMethod::call(Object(Illuminate\\Foundation\\Application), Object(Closure), Array, NULL)
#26 F:\\Aerothon\\backends\\laravel\\laravelBackend\\vendor\\laravel\\framework\\src\\Illuminate\\Support\\ServiceProvider.php(119): Illuminate\\Container\\Container->call(Object(Closure))
#27 F:\\Aerothon\\backends\\laravel\\laravelBackend\\vendor\\laravel\\framework\\src\\Illuminate\\Foundation\\Application.php(931): Illuminate\\Support\\ServiceProvider->callBootedCallbacks()
#28 F:\\Aerothon\\backends\\laravel\\laravelBackend\\vendor\\laravel\\framework\\src\\Illuminate\\Foundation\\Application.php(909): Illuminate\\Foundation\\Application->bootProvider(Object(App\\Providers\\RouteServiceProvider))
#29 [internal function]: Illuminate\\Foundation\\Application->Illuminate\\Foundation\\{closure}(Object(App\\Providers\\RouteServiceProvider), 22)
#30 F:\\Aerothon\\backends\\laravel\\laravelBackend\\vendor\\laravel\\framework\\src\\Illuminate\\Foundation\\Application.php(910): array_walk(Array, Object(Closure))
#31 F:\\Aerothon\\backends\\laravel\\laravelBackend\\vendor\\laravel\\framework\\src\\Illuminate\\Foundation\\Bootstrap\\BootProviders.php(17): Illuminate\\Foundation\\Application->boot()
#32 F:\\Aerothon\\backends\\laravel\\laravelBackend\\vendor\\laravel\\framework\\src\\Illuminate\\Foundation\\Application.php(239): Illuminate\\Foundation\\Bootstrap\\BootProviders->bootstrap(Object(Illuminate\\Foundation\\Application))
#33 F:\\Aerothon\\backends\\laravel\\laravelBackend\\vendor\\laravel\\framework\\src\\Illuminate\\Foundation\\Console\\Kernel.php(310): Illuminate\\Foundation\\Application->bootstrapWith(Array)
#34 F:\\Aerothon\\backends\\laravel\\laravelBackend\\vendor\\laravel\\framework\\src\\Illuminate\\Foundation\\Console\\Kernel.php(127): Illuminate\\Foundation\\Console\\Kernel->bootstrap()
#35 F:\\Aerothon\\backends\\laravel\\laravelBackend\\artisan(37): Illuminate\\Foundation\\Console\\Kernel->handle(Object(Symfony\\Component\\Console\\Input\\ArgvInput), Object(Symfony\\Component\\Console\\Output\\ConsoleOutput))
#36 {main}
"} 
[2022-05-25 14:28:23] local.ERROR: Invalid route action: [Aditya]. {"exception":"[object] (UnexpectedValueException(code: 0): Invalid route action: [Aditya]. at F:\\Aerothon\\backends\\laravel\\laravelBackend\\vendor\\laravel\\framework\\src\\Illuminate\\Routing\\RouteAction.php:92)
[stacktrace]
#0 F:\\Aerothon\\backends\\laravel\\laravelBackend\\vendor\\laravel\\framework\\src\\Illuminate\\Routing\\RouteAction.php(47): Illuminate\\Routing\\RouteAction::makeInvokable('Aditya')
#1 F:\\Aerothon\\backends\\laravel\\laravelBackend\\vendor\\laravel\\framework\\src\\Illuminate\\Routing\\Route.php(190): Illuminate\\Routing\\RouteAction::parse('api', Array)
#2 F:\\Aerothon\\backends\\laravel\\laravelBackend\\vendor\\laravel\\framework\\src\\Illuminate\\Routing\\Route.php(171): Illuminate\\Routing\\Route->parseAction(Array)
#3 F:\\Aerothon\\backends\\laravel\\laravelBackend\\vendor\\laravel\\framework\\src\\Illuminate\\Routing\\Router.php(588): Illuminate\\Routing\\Route->__construct(Array, 'api', Array)
#4 F:\\Aerothon\\backends\\laravel\\laravelBackend\\vendor\\laravel\\framework\\src\\Illuminate\\Routing\\Router.php(481): Illuminate\\Routing\\Router->newRoute(Array, 'api', Array)
#5 F:\\Aerothon\\backends\\laravel\\laravelBackend\\vendor\\laravel\\framework\\src\\Illuminate\\Routing\\Router.php(460): Illuminate\\Routing\\Router->createRoute(Array, '/', Array)
#6 F:\\Aerothon\\backends\\laravel\\laravelBackend\\vendor\\laravel\\framework\\src\\Illuminate\\Routing\\Router.php(150): Illuminate\\Routing\\Router->addRoute(Array, '/', 'Aditya')
#7 F:\\Aerothon\\backends\\laravel\\laravelBackend\\vendor\\laravel\\framework\\src\\Illuminate\\Support\\Facades\\Facade.php(337): Illuminate\\Routing\\Router->get('/', 'Aditya')
#8 F:\\Aerothon\\backends\\laravel\\laravelBackend\outes\\api.php(21): Illuminate\\Support\\Facades\\Facade::__callStatic('get', Array)
#9 F:\\Aerothon\\backends\\laravel\\laravelBackend\\vendor\\laravel\\framework\\src\\Illuminate\\Routing\\RouteFileRegistrar.php(35): require('F:\\\\Aerothon\\\\bac...')
#10 F:\\Aerothon\\backends\\laravel\\laravelBackend\\vendor\\laravel\\framework\\src\\Illuminate\\Routing\\Router.php(430): Illuminate\\Routing\\RouteFileRegistrar->register('F:\\\\Aerothon\\\\bac...')
#11 F:\\Aerothon\\backends\\laravel\\laravelBackend\\vendor\\laravel\\framework\\src\\Illuminate\\Routing\\Router.php(386): Illuminate\\Routing\\Router->loadRoutes('F:\\\\Aerothon\\\\bac...')
#12 F:\\Aerothon\\backends\\laravel\\laravelBackend\\vendor\\laravel\\framework\\src\\Illuminate\\Routing\\RouteRegistrar.php(163): Illuminate\\Routing\\Router->group(Array, 'F:\\\\Aerothon\\\\bac...')
#13 F:\\Aerothon\\backends\\laravel\\laravelBackend\\app\\Providers\\RouteServiceProvider.php(34): Illuminate\\Routing\\RouteRegistrar->group('F:\\\\Aerothon\\\\bac...')
#14 F:\\Aerothon\\backends\\laravel\\laravelBackend\\vendor\\laravel\\framework\\src\\Illuminate\\Container\\BoundMethod.php(36): App\\Providers\\RouteServiceProvider->App\\Providers\\{closure}()
#15 F:\\Aerothon\\backends\\laravel\\laravelBackend\\vendor\\laravel\\framework\\src\\Illuminate\\Container\\Util.php(41): Illuminate\\Container\\BoundMethod::Illuminate\\Container\\{closure}()
#16 F:\\Aerothon\\backends\\laravel\\laravelBackend\\vendor\\laravel\\framework\\src\\Illuminate\\Container\\BoundMethod.php(81): Illuminate\\Container\\Util::unwrapIfClosure(Object(Closure))
#17 F:\\Aerothon\\backends\\laravel\\laravelBackend\\vendor\\laravel\\framework\\src\\Illuminate\\Container\\BoundMethod.php(37): Illuminate\\Container\\BoundMethod::callBoundMethod(Object(Illuminate\\Foundation\\Application), Object(Closure), Object(Closure))
#18 F:\\Aerothon\\backends\\laravel\\laravelBackend\\vendor\\laravel\\framework\\src\\Illuminate\\Container\\Container.php(651): Illuminate\\Container\\BoundMethod::call(Object(Illuminate\\Foundation\\Application), Object(Closure), Array, NULL)
#19 F:\\Aerothon\\backends\\laravel\\laravelBackend\\vendor\\laravel\\framework\\src\\Illuminate\\Foundation\\Support\\Providers\\RouteServiceProvider.php(120): Illuminate\\Container\\Container->call(Object(Closure))
#20 F:\\Aerothon\\backends\\laravel\\laravelBackend\\vendor\\laravel\\framework\\src\\Illuminate\\Foundation\\Support\\Providers\\RouteServiceProvider.php(45): Illuminate\\Foundation\\Support\\Providers\\RouteServiceProvider->loadRoutes()
#21 F:\\Aerothon\\backends\\laravel\\laravelBackend\\vendor\\laravel\\framework\\src\\Illuminate\\Container\\BoundMethod.php(36): Illuminate\\Foundation\\Support\\Providers\\RouteServiceProvider->Illuminate\\Foundation\\Support\\Providers\\{closure}()
#22 F:\\Aerothon\\backends\\laravel\\laravelBackend\\vendor\\laravel\\framework\\src\\Illuminate\\Container\\Util.php(41): Illuminate\\Container\\BoundMethod::Illuminate\\Container\\{closure}()
#23 F:\\Aerothon\\backends\\laravel\\laravelBackend\\vendor\\laravel\\framework\\src\\Illuminate\\Container\\BoundMethod.php(81): Illuminate\\Container\\Util::unwrapIfClosure(Object(Closure))
#24 F:\\Aerothon\\backends\\laravel\\laravelBackend\\vendor\\laravel\\framework\\src\\Illuminate\\Container\\BoundMethod.php(37): Illuminate\\Container\\BoundMethod::callBoundMethod(Object(Illuminate\\Foundation\\Application), Object(Closure), Object(Closure))
#25 F:\\Aerothon\\backends\\laravel\\laravelBackend\\vendor\\laravel\\framework\\src\\Illuminate\\Container\\Container.php(651): Illuminate\\Container\\BoundMethod::call(Object(Illuminate\\Foundation\\Application), Object(Closure), Array, NULL)
#26 F:\\Aerothon\\backends\\laravel\\laravelBackend\\vendor\\laravel\\framework\\src\\Illuminate\\Support\\ServiceProvider.php(119): Illuminate\\Container\\Container->call(Object(Closure))
#27 F:\\Aerothon\\backends\\laravel\\laravelBackend\\vendor\\laravel\\framework\\src\\Illuminate\\Foundation\\Application.php(931): Illuminate\\Support\\ServiceProvider->callBootedCallbacks()
#28 F:\\Aerothon\\backends\\laravel\\laravelBackend\\vendor\\laravel\\framework\\src\\Illuminate\\Foundation\\Application.php(909): Illuminate\\Foundation\\Application->bootProvider(Object(App\\Providers\\RouteServiceProvider))
#29 [internal function]: Illuminate\\Foundation\\Application->Illuminate\\Foundation\\{closure}(Object(App\\Providers\\RouteServiceProvider), 22)
#30 F:\\Aerothon\\backends\\laravel\\laravelBackend\\vendor\\laravel\\framework\\src\\Illuminate\\Foundation\\Application.php(910): array_walk(Array, Object(Closure))
#31 F:\\Aerothon\\backends\\laravel\\laravelBackend\\vendor\\laravel\\framework\\src\\Illuminate\\Foundation\\Bootstrap\\BootProviders.php(17): Illuminate\\Foundation\\Application->boot()
#32 F:\\Aerothon\\backends\\laravel\\laravelBackend\\vendor\\laravel\\framework\\src\\Illuminate\\Foundation\\Application.php(239): Illuminate\\Foundation\\Bootstrap\\BootProviders->bootstrap(Object(Illuminate\\Foundation\\Application))
#33 F:\\Aerothon\\backends\\laravel\\laravelBackend\\vendor\\laravel\\framework\\src\\Illuminate\\Foundation\\Console\\Kernel.php(310): Illuminate\\Foundation\\Application->bootstrapWith(Array)
#34 F:\\Aerothon\\backends\\laravel\\laravelBackend\\vendor\\laravel\\framework\\src\\Illuminate\\Foundation\\Console\\Kernel.php(127): Illuminate\\Foundation\\Console\\Kernel->bootstrap()
#35 F:\\Aerothon\\backends\\laravel\\laravelBackend\\artisan(37): Illuminate\\Foundation\\Console\\Kernel->handle(Object(Symfony\\Component\\Console\\Input\\ArgvInput), Object(Symfony\\Component\\Console\\Output\\ConsoleOutput))
#36 {main}
"} 
